Arguments: 
  C:\Program Files\nodejs\node.exe C:\Users\wonle\AppData\Roaming\npm\node_modules\yarn\bin\yarn.js init

PATH: 
  C:\Program Files\AdoptOpenJDK\jdk-11.0.9.101-hotspot\bin;C:\Python39\Scripts\;C:\Python39\;C:\app\wonle\product\11.2.0\dbhome_3\bin;C:\Program Files (x86)\Common Files\Oracle\Java\javapath;C:\WINDOWS\system32;C:\WINDOWS;C:\WINDOWS\System32\Wbem;C:\WINDOWS\System32\WindowsPowerShell\v1.0\;C:\WINDOWS\System32\OpenSSH\;C:\dev\apache-maven-3.6.3\bin;C:\Program Files\Java\jdk1.8.0_241\bin;C:\Program Files\Java\jdk1.8.0_241;C:\Program Files\nodejs\;C:\ProgramData\chocolatey\bin;C:\Program Files\Git\cmd;C:\Program Files\MySQL\MySQL Shell 8.0\bin\;C:\Users\wonle\AppData\Local\Microsoft\WindowsApps;C:\Program Files\Bandizip\;C:\Users\wonle\AppData\Local\Programs\Microsoft VS Code\bin;C:\Users\wonle\AppData\Roaming\npm;

Yarn version: 
  1.22.10

Node version: 
  15.3.0

Platform: 
  win32 x64

Trace: 
  Error: canceled
      at Interface.<anonymous> (C:\Users\wonle\AppData\Roaming\npm\node_modules\yarn\lib\cli.js:136216:13)
      at Interface.emit (node:events:376:20)
      at Interface._ttyWrite (node:readline:880:16)
      at ReadStream.onkeypress (node:readline:213:10)
      at ReadStream.emit (node:events:376:20)
      at emitKeys (node:internal/readline/utils:345:14)
      at emitKeys.next (<anonymous>)
      at ReadStream.onData (node:readline:1149:36)
      at ReadStream.emit (node:events:376:20)
      at addChunk (node:internal/streams/readable:304:12)

npm manifest: 
  {
    "dependencies": {
      "typescript": "^4.2.4"
    },
    "scripts": {
      "start": "node index.js",
      "prestart": "yarn tsc"
    }
  }

yarn manifest: 
  No manifest

Lockfile: 
  # THIS IS AN AUTOGENERATED FILE. DO NOT EDIT THIS FILE DIRECTLY.
  # yarn lockfile v1
  
  
  typescript@^4.2.4:
    version "4.2.4"
    resolved "https://registry.yarnpkg.com/typescript/-/typescript-4.2.4.tgz#8610b59747de028fda898a8aef0e103f156d0961"
    integrity sha512-V+evlYHZnQkaz8TRBuxTA92yZBPotr5H+WhQ7bD3hZUndx5tGOa1fuCgeSjxAzM1RiN5IzvadIXTVefuuwZCRg==
